[ 2016-11-10T19:30:41+08:00 ] ::1 /estudy/code/Application/Home/View/Match/__Public__/css/public.css
INFO: [ app_init ] --START--
INFO: Run Behavior\BuildLiteBehavior [ RunTime:0.000044s ]
INFO: [ app_init ] --END-- [ RunTime:0.000661s ]
ERR: 无法加载模块:Application

[ 2016-11-10T19:30:41+08:00 ] ::1 /estudy/code/Application/Home/View/Match/__Public__/css/bidlist.css
INFO: [ app_init ] --START--
INFO: Run Behavior\BuildLiteBehavior [ RunTime:0.000054s ]
INFO: [ app_init ] --END-- [ RunTime:0.000719s ]
ERR: 无法加载模块:Application

[ 2016-11-10T19:30:42+08:00 ] ::1 /estudy/code/Application/Home/View/Match/images/logo2.png
INFO: [ app_init ] --START--
INFO: Run Behavior\BuildLiteBehavior [ RunTime:0.000045s ]
INFO: [ app_init ] --END-- [ RunTime:0.000632s ]
ERR: 无法加载模块:Application

[ 2016-11-10T19:30:42+08:00 ] ::1 /estudy/code/Application/Home/View/Match/images/jy2.png
INFO: [ app_init ] --START--
INFO: Run Behavior\BuildLiteBehavior [ RunTime:0.000045s ]
INFO: [ app_init ] --END-- [ RunTime:0.000824s ]
ERR: 无法加载模块:Application

[ 2016-11-10T19:30:42+08:00 ] ::1 /estudy/code/Application/Home/View/Match/images/gw2.png
INFO: [ app_init ] --START--
INFO: Run Behavior\BuildLiteBehavior [ RunTime:0.000038s ]
INFO: [ app_init ] --END-- [ RunTime:0.001096s ]
ERR: 无法加载模块:Application

[ 2016-11-10T19:30:42+08:00 ] ::1 /estudy/code/Application/Home/View/Match/images/gl2.png
INFO: [ app_init ] --START--
INFO: Run Behavior\BuildLiteBehavior [ RunTime:0.000041s ]
INFO: [ app_init ] --END-- [ RunTime:0.000818s ]
ERR: 无法加载模块:Application

[ 2016-11-10T19:30:42+08:00 ] ::1 /estudy/code/Application/Home/View/Match/images/time.gif
INFO: [ app_init ] --START--
INFO: Run Behavior\BuildLiteBehavior [ RunTime:0.000043s ]
INFO: [ app_init ] --END-- [ RunTime:0.000679s ]
ERR: 无法加载模块:Application

[ 2016-11-10T19:30:42+08:00 ] ::1 /estudy/code/Application/Home/View/Match/images/ewm.jpg
INFO: [ app_init ] --START--
INFO: Run Behavior\BuildLiteBehavior [ RunTime:0.000043s ]
INFO: [ app_init ] --END-- [ RunTime:0.000627s ]
ERR: 无法加载模块:Application

[ 2016-11-10T19:30:44+08:00 ] ::1 /estudy/code/Application/Home/View/Match/__Public__/css/public.css
INFO: [ app_init ] --START--
INFO: Run Behavior\BuildLiteBehavior [ RunTime:0.000045s ]
INFO: [ app_init ] --END-- [ RunTime:0.000699s ]
ERR: 无法加载模块:Application

[ 2016-11-10T19:30:44+08:00 ] ::1 /estudy/code/Application/Home/View/Match/__Public__/css/head.css
INFO: [ app_init ] --START--
INFO: Run Behavior\BuildLiteBehavior [ RunTime:0.000054s ]
INFO: [ app_init ] --END-- [ RunTime:0.002988s ]
ERR: 无法加载模块:Application

[ 2016-11-10T19:30:44+08:00 ] ::1 /estudy/code/Application/Home/View/Match/__Public__/css/bidlist.css
INFO: [ app_init ] --START--
INFO: Run Behavior\BuildLiteBehavior [ RunTime:0.000042s ]
INFO: [ app_init ] --END-- [ RunTime:0.000677s ]
ERR: 无法加载模块:Application

[ 2016-11-10T19:30:44+08:00 ] ::1 /estudy/code/Application/Home/View/Match/images/logo2.png
INFO: [ app_init ] --START--
INFO: Run Behavior\BuildLiteBehavior [ RunTime:0.000113s ]
INFO: [ app_init ] --END-- [ RunTime:0.002428s ]
ERR: 无法加载模块:Application

[ 2016-11-10T19:30:44+08:00 ] ::1 /estudy/code/Application/Home/View/Match/images/gw2.png
INFO: [ app_init ] --START--
INFO: Run Behavior\BuildLiteBehavior [ RunTime:0.000042s ]
INFO: [ app_init ] --END-- [ RunTime:0.000634s ]
ERR: 无法加载模块:Application

[ 2016-11-10T19:30:44+08:00 ] ::1 /estudy/code/Application/Home/View/Match/images/time.gif
INFO: [ app_init ] --START--
INFO: Run Behavior\BuildLiteBehavior [ RunTime:0.000042s ]
INFO: [ app_init ] --END-- [ RunTime:0.000619s ]
ERR: 无法加载模块:Application

[ 2016-11-10T19:30:44+08:00 ] ::1 /estudy/code/Application/Home/View/Match/images/gl2.png
INFO: [ app_init ] --START--
INFO: Run Behavior\BuildLiteBehavior [ RunTime:0.000042s ]
INFO: [ app_init ] --END-- [ RunTime:0.000614s ]
ERR: 无法加载模块:Application

[ 2016-11-10T19:30:44+08:00 ] ::1 /estudy/code/Application/Home/View/Match/images/jy2.png
INFO: [ app_init ] --START--
INFO: Run Behavior\BuildLiteBehavior [ RunTime:0.000045s ]
INFO: [ app_init ] --END-- [ RunTime:0.000662s ]
ERR: 无法加载模块:Application

[ 2016-11-10T19:30:44+08:00 ] ::1 /estudy/code/Application/Home/View/Match/images/ewm.jpg
INFO: [ app_init ] --START--
INFO: Run Behavior\BuildLiteBehavior [ RunTime:0.000043s ]
INFO: [ app_init ] --END-- [ RunTime:0.000690s ]
ERR: 无法加载模块:Application

[ 2016-11-10T19:38:03+08:00 ] ::1 /estudy/code/Application/Home/View/Match/__PUBLIC__/css/public.css
INFO: [ app_init ] --START--
INFO: Run Behavior\BuildLiteBehavior [ RunTime:0.000043s ]
INFO: [ app_init ] --END-- [ RunTime:0.000687s ]
ERR: 无法加载模块:Application

[ 2016-11-10T19:38:03+08:00 ] ::1 /estudy/code/Application/Home/View/Match/__PUBLIC__/css/bidlist.css
INFO: [ app_init ] --START--
INFO: Run Behavior\BuildLiteBehavior [ RunTime:0.000025s ]
INFO: [ app_init ] --END-- [ RunTime:0.000461s ]
ERR: 无法加载模块:Application

[ 2016-11-10T19:38:03+08:00 ] ::1 /estudy/code/Application/Home/View/Match/__PUBLIC__/css/head.css
INFO: [ app_init ] --START--
INFO: Run Behavior\BuildLiteBehavior [ RunTime:0.000040s ]
INFO: [ app_init ] --END-- [ RunTime:0.000621s ]
ERR: 无法加载模块:Application

[ 2016-11-10T19:38:03+08:00 ] ::1 /estudy/code/Application/Home/View/Match/images/logo2.png
INFO: [ app_init ] --START--
INFO: Run Behavior\BuildLiteBehavior [ RunTime:0.000044s ]
INFO: [ app_init ] --END-- [ RunTime:0.000581s ]
ERR: 无法加载模块:Application

[ 2016-11-10T19:38:03+08:00 ] ::1 /estudy/code/Application/Home/View/Match/images/gl2.png
INFO: [ app_init ] --START--
INFO: Run Behavior\BuildLiteBehavior [ RunTime:0.000037s ]
INFO: [ app_init ] --END-- [ RunTime:0.000573s ]
ERR: 无法加载模块:Application

[ 2016-11-10T19:38:03+08:00 ] ::1 /estudy/code/Application/Home/View/Match/images/time.gif
INFO: [ app_init ] --START--
INFO: Run Behavior\BuildLiteBehavior [ RunTime:0.000044s ]
INFO: [ app_init ] --END-- [ RunTime:0.000797s ]
ERR: 无法加载模块:Application

[ 2016-11-10T19:38:03+08:00 ] ::1 /estudy/code/Application/Home/View/Match/images/gw2.png
INFO: [ app_init ] --START--
INFO: Run Behavior\BuildLiteBehavior [ RunTime:0.000041s ]
INFO: [ app_init ] --END-- [ RunTime:0.000651s ]
ERR: 无法加载模块:Application

[ 2016-11-10T19:38:03+08:00 ] ::1 /estudy/code/Application/Home/View/Match/images/ewm.jpg
INFO: [ app_init ] --START--
INFO: Run Behavior\BuildLiteBehavior [ RunTime:0.000043s ]
INFO: [ app_init ] --END-- [ RunTime:0.000628s ]
ERR: 无法加载模块:Application

[ 2016-11-10T19:38:03+08:00 ] ::1 /estudy/code/Application/Home/View/Match/images/jy2.png
INFO: [ app_init ] --START--
INFO: Run Behavior\BuildLiteBehavior [ RunTime:0.000044s ]
INFO: [ app_init ] --END-- [ RunTime:0.000746s ]
ERR: 无法加载模块:Application

[ 2016-11-10T19:41:29+08:00 ] ::1 /estudy/code/Application/Home/View/Match/__PUBLIC__/css/bidlist.css
INFO: [ app_init ] --START--
INFO: Run Behavior\BuildLiteBehavior [ RunTime:0.000043s ]
INFO: [ app_init ] --END-- [ RunTime:0.000656s ]
ERR: 无法加载模块:Application

[ 2016-11-10T19:41:29+08:00 ] ::1 /estudy/code/Application/Home/View/Match/__PUBLIC__/css/public.css
INFO: [ app_init ] --START--
INFO: Run Behavior\BuildLiteBehavior [ RunTime:0.000047s ]
INFO: [ app_init ] --END-- [ RunTime:0.000699s ]
ERR: 无法加载模块:Application

[ 2016-11-10T19:41:29+08:00 ] ::1 /estudy/code/Application/Home/View/Match/__PUBLIC__/css/head.css
INFO: [ app_init ] --START--
INFO: Run Behavior\BuildLiteBehavior [ RunTime:0.000040s ]
INFO: [ app_init ] --END-- [ RunTime:0.000791s ]
ERR: 无法加载模块:Application

[ 2016-11-10T19:41:29+08:00 ] ::1 /estudy/code/Application/Home/View/Match/__PUBLIC__/__PUBLIC__/images/logo2.png
INFO: [ app_init ] --START--
INFO: Run Behavior\BuildLiteBehavior [ RunTime:0.000063s ]
INFO: [ app_init ] --END-- [ RunTime:0.000829s ]
ERR: 无法加载模块:Application

[ 2016-11-10T19:41:29+08:00 ] ::1 /estudy/code/Application/Home/View/Match/__PUBLIC__/images/jy2.png
INFO: [ app_init ] --START--
INFO: Run Behavior\BuildLiteBehavior [ RunTime:0.000041s ]
INFO: [ app_init ] --END-- [ RunTime:0.000594s ]
ERR: 无法加载模块:Application

[ 2016-11-10T19:41:29+08:00 ] ::1 /estudy/code/Application/Home/View/Match/__PUBLIC__/images/gw2.png
INFO: [ app_init ] --START--
INFO: Run Behavior\BuildLiteBehavior [ RunTime:0.000040s ]
INFO: [ app_init ] --END-- [ RunTime:0.000582s ]
ERR: 无法加载模块:Application

[ 2016-11-10T19:41:29+08:00 ] ::1 /estudy/code/Application/Home/View/Match/__PUBLIC__/images/time.gif
INFO: [ app_init ] --START--
INFO: Run Behavior\BuildLiteBehavior [ RunTime:0.000044s ]
INFO: [ app_init ] --END-- [ RunTime:0.000849s ]
ERR: 无法加载模块:Application

[ 2016-11-10T19:41:29+08:00 ] ::1 /estudy/code/Application/Home/View/Match/__PUBLIC__/images/ewm.jpg
INFO: [ app_init ] --START--
INFO: Run Behavior\BuildLiteBehavior [ RunTime:0.000040s ]
INFO: [ app_init ] --END-- [ RunTime:0.000662s ]
ERR: 无法加载模块:Application

[ 2016-11-10T19:41:29+08:00 ] ::1 /estudy/code/Application/Home/View/Match/__PUBLIC__/images/gl2.png
INFO: [ app_init ] --START--
INFO: Run Behavior\BuildLiteBehavior [ RunTime:0.000043s ]
INFO: [ app_init ] --END-- [ RunTime:0.000617s ]
ERR: 无法加载模块:Application

[ 2016-11-10T19:41:30+08:00 ] ::1 /estudy/code/Application/Home/View/Match/__PUBLIC__/css/head.css
INFO: [ app_init ] --START--
INFO: Run Behavior\BuildLiteBehavior [ RunTime:0.000040s ]
INFO: [ app_init ] --END-- [ RunTime:0.000574s ]
ERR: 无法加载模块:Application

[ 2016-11-10T19:41:30+08:00 ] ::1 /estudy/code/Application/Home/View/Match/__PUBLIC__/images/gl2.png
INFO: [ app_init ] --START--
INFO: Run Behavior\BuildLiteBehavior [ RunTime:0.000042s ]
INFO: [ app_init ] --END-- [ RunTime:0.000623s ]
ERR: 无法加载模块:Application

[ 2016-11-10T19:41:30+08:00 ] ::1 /estudy/code/Application/Home/View/Match/__PUBLIC__/__PUBLIC__/images/logo2.png
INFO: [ app_init ] --START--
INFO: Run Behavior\BuildLiteBehavior [ RunTime:0.000055s ]
INFO: [ app_init ] --END-- [ RunTime:0.000647s ]
ERR: 无法加载模块:Application

[ 2016-11-10T19:41:30+08:00 ] ::1 /estudy/code/Application/Home/View/Match/__PUBLIC__/css/public.css
INFO: [ app_init ] --START--
INFO: Run Behavior\BuildLiteBehavior [ RunTime:0.000046s ]
INFO: [ app_init ] --END-- [ RunTime:0.000585s ]
ERR: 无法加载模块:Application

[ 2016-11-10T19:41:30+08:00 ] ::1 /estudy/code/Application/Home/View/Match/__PUBLIC__/images/gw2.png
INFO: [ app_init ] --START--
INFO: Run Behavior\BuildLiteBehavior [ RunTime:0.000039s ]
INFO: [ app_init ] --END-- [ RunTime:0.000594s ]
ERR: 无法加载模块:Application

[ 2016-11-10T19:41:30+08:00 ] ::1 /estudy/code/Application/Home/View/Match/__PUBLIC__/css/bidlist.css
INFO: [ app_init ] --START--
INFO: Run Behavior\BuildLiteBehavior [ RunTime:0.000045s ]
INFO: [ app_init ] --END-- [ RunTime:0.000881s ]
ERR: 无法加载模块:Application

[ 2016-11-10T19:41:30+08:00 ] ::1 /estudy/code/Application/Home/View/Match/__PUBLIC__/images/jy2.png
INFO: [ app_init ] --START--
INFO: Run Behavior\BuildLiteBehavior [ RunTime:0.000038s ]
INFO: [ app_init ] --END-- [ RunTime:0.000598s ]
ERR: 无法加载模块:Application

[ 2016-11-10T19:41:30+08:00 ] ::1 /estudy/code/Application/Home/View/Match/__PUBLIC__/images/time.gif
INFO: [ app_init ] --START--
INFO: Run Behavior\BuildLiteBehavior [ RunTime:0.000312s ]
INFO: [ app_init ] --END-- [ RunTime:0.000907s ]
ERR: 无法加载模块:Application

[ 2016-11-10T19:41:30+08:00 ] ::1 /estudy/code/Application/Home/View/Match/__PUBLIC__/images/ewm.jpg
INFO: [ app_init ] --START--
INFO: Run Behavior\BuildLiteBehavior [ RunTime:0.000027s ]
INFO: [ app_init ] --END-- [ RunTime:0.000742s ]
ERR: 无法加载模块:Application

[ 2016-11-10T19:41:30+08:00 ] ::1 /estudy/code/Application/Home/View/Match/__PUBLIC__/css/public.css
INFO: [ app_init ] --START--
INFO: Run Behavior\BuildLiteBehavior [ RunTime:0.000044s ]
INFO: [ app_init ] --END-- [ RunTime:0.000610s ]
ERR: 无法加载模块:Application

[ 2016-11-10T19:41:30+08:00 ] ::1 /estudy/code/Application/Home/View/Match/__PUBLIC__/css/bidlist.css
INFO: [ app_init ] --START--
INFO: Run Behavior\BuildLiteBehavior [ RunTime:0.000049s ]
INFO: [ app_init ] --END-- [ RunTime:0.000603s ]
ERR: 无法加载模块:Application

[ 2016-11-10T19:41:30+08:00 ] ::1 /estudy/code/Application/Home/View/Match/__PUBLIC__/css/head.css
INFO: [ app_init ] --START--
INFO: Run Behavior\BuildLiteBehavior [ RunTime:0.000044s ]
INFO: [ app_init ] --END-- [ RunTime:0.000620s ]
ERR: 无法加载模块:Application

[ 2016-11-10T19:41:30+08:00 ] ::1 /estudy/code/Application/Home/View/Match/__PUBLIC__/__PUBLIC__/images/logo2.png
INFO: [ app_init ] --START--
INFO: Run Behavior\BuildLiteBehavior [ RunTime:0.000041s ]
INFO: [ app_init ] --END-- [ RunTime:0.000578s ]
ERR: 无法加载模块:Application

[ 2016-11-10T19:41:30+08:00 ] ::1 /estudy/code/Application/Home/View/Match/__PUBLIC__/images/time.gif
INFO: [ app_init ] --START--
INFO: Run Behavior\BuildLiteBehavior [ RunTime:0.000042s ]
INFO: [ app_init ] --END-- [ RunTime:0.000582s ]
ERR: 无法加载模块:Application

[ 2016-11-10T19:41:30+08:00 ] ::1 /estudy/code/Application/Home/View/Match/__PUBLIC__/images/gl2.png
INFO: [ app_init ] --START--
INFO: Run Behavior\BuildLiteBehavior [ RunTime:0.000041s ]
INFO: [ app_init ] --END-- [ RunTime:0.000636s ]
ERR: 无法加载模块:Application

[ 2016-11-10T19:41:30+08:00 ] ::1 /estudy/code/Application/Home/View/Match/__PUBLIC__/images/gw2.png
INFO: [ app_init ] --START--
INFO: Run Behavior\BuildLiteBehavior [ RunTime:0.000045s ]
INFO: [ app_init ] --END-- [ RunTime:0.000690s ]
ERR: 无法加载模块:Application

[ 2016-11-10T19:41:30+08:00 ] ::1 /estudy/code/Application/Home/View/Match/__PUBLIC__/images/jy2.png
INFO: [ app_init ] --START--
INFO: Run Behavior\BuildLiteBehavior [ RunTime:0.000044s ]
INFO: [ app_init ] --END-- [ RunTime:0.000671s ]
ERR: 无法加载模块:Application

[ 2016-11-10T19:41:30+08:00 ] ::1 /estudy/code/Application/Home/View/Match/__PUBLIC__/images/ewm.jpg
INFO: [ app_init ] --START--
INFO: Run Behavior\BuildLiteBehavior [ RunTime:0.000048s ]
INFO: [ app_init ] --END-- [ RunTime:0.000695s ]
ERR: 无法加载模块:Application

[ 2016-11-10T19:41:31+08:00 ] ::1 /estudy/code/Application/Home/View/Match/__PUBLIC__/css/public.css
INFO: [ app_init ] --START--
INFO: Run Behavior\BuildLiteBehavior [ RunTime:0.000042s ]
INFO: [ app_init ] --END-- [ RunTime:0.000586s ]
ERR: 无法加载模块:Application

[ 2016-11-10T19:41:31+08:00 ] ::1 /estudy/code/Application/Home/View/Match/__PUBLIC__/css/bidlist.css
INFO: [ app_init ] --START--
INFO: Run Behavior\BuildLiteBehavior [ RunTime:0.000041s ]
INFO: [ app_init ] --END-- [ RunTime:0.000712s ]
ERR: 无法加载模块:Application

[ 2016-11-10T19:41:31+08:00 ] ::1 /estudy/code/Application/Home/View/Match/__PUBLIC__/css/head.css
INFO: [ app_init ] --START--
INFO: Run Behavior\BuildLiteBehavior [ RunTime:0.000041s ]
INFO: [ app_init ] --END-- [ RunTime:0.000674s ]
ERR: 无法加载模块:Application

[ 2016-11-10T19:41:31+08:00 ] ::1 /estudy/code/Application/Home/View/Match/__PUBLIC__/images/time.gif
INFO: [ app_init ] --START--
INFO: Run Behavior\BuildLiteBehavior [ RunTime:0.000043s ]
INFO: [ app_init ] --END-- [ RunTime:0.000604s ]
ERR: 无法加载模块:Application

[ 2016-11-10T19:41:31+08:00 ] ::1 /estudy/code/Application/Home/View/Match/__PUBLIC__/images/jy2.png
INFO: [ app_init ] --START--
INFO: Run Behavior\BuildLiteBehavior [ RunTime:0.000045s ]
INFO: [ app_init ] --END-- [ RunTime:0.000585s ]
ERR: 无法加载模块:Application

[ 2016-11-10T19:41:31+08:00 ] ::1 /estudy/code/Application/Home/View/Match/__PUBLIC__/images/gw2.png
INFO: [ app_init ] --START--
INFO: Run Behavior\BuildLiteBehavior [ RunTime:0.000046s ]
INFO: [ app_init ] --END-- [ RunTime:0.003452s ]
ERR: 无法加载模块:Application

[ 2016-11-10T19:41:31+08:00 ] ::1 /estudy/code/Application/Home/View/Match/__PUBLIC__/images/gl2.png
INFO: [ app_init ] --START--
INFO: Run Behavior\BuildLiteBehavior [ RunTime:0.000041s ]
INFO: [ app_init ] --END-- [ RunTime:0.000686s ]
ERR: 无法加载模块:Application

[ 2016-11-10T19:41:31+08:00 ] ::1 /estudy/code/Application/Home/View/Match/__PUBLIC__/__PUBLIC__/images/logo2.png
INFO: [ app_init ] --START--
INFO: Run Behavior\BuildLiteBehavior [ RunTime:0.000045s ]
INFO: [ app_init ] --END-- [ RunTime:0.000659s ]
ERR: 无法加载模块:Application

[ 2016-11-10T19:41:31+08:00 ] ::1 /estudy/code/Application/Home/View/Match/__PUBLIC__/images/ewm.jpg
INFO: [ app_init ] --START--
INFO: Run Behavior\BuildLiteBehavior [ RunTime:0.000244s ]
INFO: [ app_init ] --END-- [ RunTime:0.001357s ]
ERR: 无法加载模块:Application

[ 2016-11-10T19:41:31+08:00 ] ::1 /estudy/code/Application/Home/View/Match/__PUBLIC__/css/head.css
INFO: [ app_init ] --START--
INFO: Run Behavior\BuildLiteBehavior [ RunTime:0.000043s ]
INFO: [ app_init ] --END-- [ RunTime:0.000592s ]
ERR: 无法加载模块:Application

[ 2016-11-10T19:41:31+08:00 ] ::1 /estudy/code/Application/Home/View/Match/__PUBLIC__/css/bidlist.css
INFO: [ app_init ] --START--
INFO: Run Behavior\BuildLiteBehavior [ RunTime:0.000054s ]
INFO: [ app_init ] --END-- [ RunTime:0.000730s ]
ERR: 无法加载模块:Application

[ 2016-11-10T19:41:31+08:00 ] ::1 /estudy/code/Application/Home/View/Match/__PUBLIC__/css/public.css
INFO: [ app_init ] --START--
INFO: Run Behavior\BuildLiteBehavior [ RunTime:0.000157s ]
INFO: [ app_init ] --END-- [ RunTime:0.001157s ]
ERR: 无法加载模块:Application

[ 2016-11-10T19:41:31+08:00 ] ::1 /estudy/code/Application/Home/View/Match/__PUBLIC__/images/gl2.png
INFO: [ app_init ] --START--
INFO: Run Behavior\BuildLiteBehavior [ RunTime:0.000048s ]
INFO: [ app_init ] --END-- [ RunTime:0.000588s ]
ERR: 无法加载模块:Application

[ 2016-11-10T19:41:31+08:00 ] ::1 /estudy/code/Application/Home/View/Match/__PUBLIC__/__PUBLIC__/images/logo2.png
INFO: [ app_init ] --START--
INFO: Run Behavior\BuildLiteBehavior [ RunTime:0.000290s ]
INFO: [ app_init ] --END-- [ RunTime:0.000837s ]
ERR: 无法加载模块:Application

[ 2016-11-10T19:41:31+08:00 ] ::1 /estudy/code/Application/Home/View/Match/__PUBLIC__/images/jy2.png
INFO: [ app_init ] --START--
INFO: Run Behavior\BuildLiteBehavior [ RunTime:0.000040s ]
INFO: [ app_init ] --END-- [ RunTime:0.000585s ]
ERR: 无法加载模块:Application

[ 2016-11-10T19:41:31+08:00 ] ::1 /estudy/code/Application/Home/View/Match/__PUBLIC__/images/gw2.png
INFO: [ app_init ] --START--
INFO: Run Behavior\BuildLiteBehavior [ RunTime:0.000041s ]
INFO: [ app_init ] --END-- [ RunTime:0.000556s ]
ERR: 无法加载模块:Application

[ 2016-11-10T19:41:31+08:00 ] ::1 /estudy/code/Application/Home/View/Match/__PUBLIC__/images/time.gif
INFO: [ app_init ] --START--
INFO: Run Behavior\BuildLiteBehavior [ RunTime:0.000044s ]
INFO: [ app_init ] --END-- [ RunTime:0.000652s ]
ERR: 无法加载模块:Application

[ 2016-11-10T19:41:31+08:00 ] ::1 /estudy/code/Application/Home/View/Match/__PUBLIC__/images/ewm.jpg
INFO: [ app_init ] --START--
INFO: Run Behavior\BuildLiteBehavior [ RunTime:0.000049s ]
INFO: [ app_init ] --END-- [ RunTime:0.000629s ]
ERR: 无法加载模块:Application

[ 2016-11-10T19:41:34+08:00 ] ::1 /estudy/code/Application/Home/View/Match/__PUBLIC__/css/bidlist.css
INFO: [ app_init ] --START--
INFO: Run Behavior\BuildLiteBehavior [ RunTime:0.000062s ]
INFO: [ app_init ] --END-- [ RunTime:0.000771s ]
ERR: 无法加载模块:Application

[ 2016-11-10T19:41:34+08:00 ] ::1 /estudy/code/Application/Home/View/Match/__PUBLIC__/css/head.css
INFO: [ app_init ] --START--
INFO: Run Behavior\BuildLiteBehavior [ RunTime:0.000064s ]
INFO: [ app_init ] --END-- [ RunTime:0.000841s ]
ERR: 无法加载模块:Application

[ 2016-11-10T19:41:34+08:00 ] ::1 /estudy/code/Application/Home/View/Match/__PUBLIC__/css/public.css
INFO: [ app_init ] --START--
INFO: Run Behavior\BuildLiteBehavior [ RunTime:0.000040s ]
INFO: [ app_init ] --END-- [ RunTime:0.000593s ]
ERR: 无法加载模块:Application

[ 2016-11-10T19:41:34+08:00 ] ::1 /estudy/code/Application/Home/View/Match/__PUBLIC__/images/time.gif
INFO: [ app_init ] --START--
INFO: Run Behavior\BuildLiteBehavior [ RunTime:0.000040s ]
INFO: [ app_init ] --END-- [ RunTime:0.000587s ]
ERR: 无法加载模块:Application

[ 2016-11-10T19:41:34+08:00 ] ::1 /estudy/code/Application/Home/View/Match/__PUBLIC__/images/ewm.jpg
INFO: [ app_init ] --START--
INFO: Run Behavior\BuildLiteBehavior [ RunTime:0.000057s ]
INFO: [ app_init ] --END-- [ RunTime:0.000627s ]
ERR: 无法加载模块:Application

[ 2016-11-10T19:41:34+08:00 ] ::1 /estudy/code/Application/Home/View/Match/__PUBLIC__/images/gl2.png
INFO: [ app_init ] --START--
INFO: Run Behavior\BuildLiteBehavior [ RunTime:0.000043s ]
INFO: [ app_init ] --END-- [ RunTime:0.000593s ]
ERR: 无法加载模块:Application

[ 2016-11-10T19:41:34+08:00 ] ::1 /estudy/code/Application/Home/View/Match/__PUBLIC__/images/jy2.png
INFO: [ app_init ] --START--
INFO: Run Behavior\BuildLiteBehavior [ RunTime:0.000071s ]
INFO: [ app_init ] --END-- [ RunTime:0.001276s ]
ERR: 无法加载模块:Application

[ 2016-11-10T19:41:34+08:00 ] ::1 /estudy/code/Application/Home/View/Match/__PUBLIC__/images/gw2.png
INFO: [ app_init ] --START--
INFO: Run Behavior\BuildLiteBehavior [ RunTime:0.000051s ]
INFO: [ app_init ] --END-- [ RunTime:0.000665s ]
ERR: 无法加载模块:Application

[ 2016-11-10T19:41:34+08:00 ] ::1 /estudy/code/Application/Home/View/Match/__PUBLIC__/__PUBLIC__/images/logo2.png
INFO: [ app_init ] --START--
INFO: Run Behavior\BuildLiteBehavior [ RunTime:0.000041s ]
INFO: [ app_init ] --END-- [ RunTime:0.000648s ]
ERR: 无法加载模块:Application

[ 2016-11-10T19:41:34+08:00 ] ::1 /estudy/code/Application/Home/View/Match/__PUBLIC__/css/public.css
INFO: [ app_init ] --START--
INFO: Run Behavior\BuildLiteBehavior [ RunTime:0.000043s ]
INFO: [ app_init ] --END-- [ RunTime:0.000873s ]
ERR: 无法加载模块:Application

[ 2016-11-10T19:41:34+08:00 ] ::1 /estudy/code/Application/Home/View/Match/__PUBLIC__/css/bidlist.css
INFO: [ app_init ] --START--
INFO: Run Behavior\BuildLiteBehavior [ RunTime:0.000045s ]
INFO: [ app_init ] --END-- [ RunTime:0.000595s ]
ERR: 无法加载模块:Application

[ 2016-11-10T19:41:34+08:00 ] ::1 /estudy/code/Application/Home/View/Match/__PUBLIC__/css/head.css
INFO: [ app_init ] --START--
INFO: Run Behavior\BuildLiteBehavior [ RunTime:0.000042s ]
INFO: [ app_init ] --END-- [ RunTime:0.000649s ]
ERR: 无法加载模块:Application

[ 2016-11-10T19:41:34+08:00 ] ::1 /estudy/code/Application/Home/View/Match/__PUBLIC__/images/gw2.png
INFO: [ app_init ] --START--
INFO: Run Behavior\BuildLiteBehavior [ RunTime:0.000041s ]
INFO: [ app_init ] --END-- [ RunTime:0.000579s ]
ERR: 无法加载模块:Application

[ 2016-11-10T19:41:34+08:00 ] ::1 /estudy/code/Application/Home/View/Match/__PUBLIC__/images/time.gif
INFO: [ app_init ] --START--
INFO: Run Behavior\BuildLiteBehavior [ RunTime:0.000044s ]
INFO: [ app_init ] --END-- [ RunTime:0.003922s ]
ERR: 无法加载模块:Application

[ 2016-11-10T19:41:34+08:00 ] ::1 /estudy/code/Application/Home/View/Match/__PUBLIC__/images/jy2.png
INFO: [ app_init ] --START--
INFO: Run Behavior\BuildLiteBehavior [ RunTime:0.000040s ]
INFO: [ app_init ] --END-- [ RunTime:0.000663s ]
ERR: 无法加载模块:Application

[ 2016-11-10T19:41:34+08:00 ] ::1 /estudy/code/Application/Home/View/Match/__PUBLIC__/__PUBLIC__/images/logo2.png
INFO: [ app_init ] --START--
INFO: Run Behavior\BuildLiteBehavior [ RunTime:0.000041s ]
INFO: [ app_init ] --END-- [ RunTime:0.000603s ]
ERR: 无法加载模块:Application

[ 2016-11-10T19:41:34+08:00 ] ::1 /estudy/code/Application/Home/View/Match/__PUBLIC__/images/ewm.jpg
INFO: [ app_init ] --START--
INFO: Run Behavior\BuildLiteBehavior [ RunTime:0.000036s ]
INFO: [ app_init ] --END-- [ RunTime:0.000571s ]
ERR: 无法加载模块:Application

[ 2016-11-10T19:41:35+08:00 ] ::1 /estudy/code/Application/Home/View/Match/__PUBLIC__/css/head.css
INFO: [ app_init ] --START--
INFO: Run Behavior\BuildLiteBehavior [ RunTime:0.000037s ]
INFO: [ app_init ] --END-- [ RunTime:0.000604s ]
ERR: 无法加载模块:Application

[ 2016-11-10T19:41:35+08:00 ] ::1 /estudy/code/Application/Home/View/Match/__PUBLIC__/css/public.css
INFO: [ app_init ] --START--
INFO: Run Behavior\BuildLiteBehavior [ RunTime:0.000043s ]
INFO: [ app_init ] --END-- [ RunTime:0.000590s ]
ERR: 无法加载模块:Application

[ 2016-11-10T19:41:35+08:00 ] ::1 /estudy/code/Application/Home/View/Match/__PUBLIC__/css/bidlist.css
INFO: [ app_init ] --START--
INFO: Run Behavior\BuildLiteBehavior [ RunTime:0.000042s ]
INFO: [ app_init ] --END-- [ RunTime:0.000581s ]
ERR: 无法加载模块:Application

[ 2016-11-10T19:41:35+08:00 ] ::1 /estudy/code/Application/Home/View/Match/__PUBLIC__/__PUBLIC__/images/logo2.png
INFO: [ app_init ] --START--
INFO: Run Behavior\BuildLiteBehavior [ RunTime:0.000030s ]
INFO: [ app_init ] --END-- [ RunTime:0.000394s ]
ERR: 无法加载模块:Application

[ 2016-11-10T19:41:35+08:00 ] ::1 /estudy/code/Application/Home/View/Match/__PUBLIC__/images/jy2.png
INFO: [ app_init ] --START--
INFO: Run Behavior\BuildLiteBehavior [ RunTime:0.000067s ]
INFO: [ app_init ] --END-- [ RunTime:0.000735s ]
ERR: 无法加载模块:Application

[ 2016-11-10T19:41:35+08:00 ] ::1 /estudy/code/Application/Home/View/Match/__PUBLIC__/images/time.gif
INFO: [ app_init ] --START--
INFO: Run Behavior\BuildLiteBehavior [ RunTime:0.000045s ]
INFO: [ app_init ] --END-- [ RunTime:0.000691s ]
ERR: 无法加载模块:Application

[ 2016-11-10T19:41:35+08:00 ] ::1 /estudy/code/Application/Home/View/Match/__PUBLIC__/images/ewm.jpg
INFO: [ app_init ] --START--
INFO: Run Behavior\BuildLiteBehavior [ RunTime:0.000055s ]
INFO: [ app_init ] --END-- [ RunTime:0.002446s ]
ERR: 无法加载模块:Application

[ 2016-11-10T19:41:35+08:00 ] ::1 /estudy/code/Application/Home/View/Match/__PUBLIC__/images/gl2.png
INFO: [ app_init ] --START--
INFO: Run Behavior\BuildLiteBehavior [ RunTime:0.000038s ]
INFO: [ app_init ] --END-- [ RunTime:0.000570s ]
ERR: 无法加载模块:Application

[ 2016-11-10T19:41:35+08:00 ] ::1 /estudy/code/Application/Home/View/Match/__PUBLIC__/images/gw2.png
INFO: [ app_init ] --START--
INFO: Run Behavior\BuildLiteBehavior [ RunTime:0.000040s ]
INFO: [ app_init ] --END-- [ RunTime:0.000769s ]
ERR: 无法加载模块:Application

[ 2016-11-10T19:41:35+08:00 ] ::1 /estudy/code/Application/Home/View/Match/__PUBLIC__/css/bidlist.css
INFO: [ app_init ] --START--
INFO: Run Behavior\BuildLiteBehavior [ RunTime:0.000042s ]
INFO: [ app_init ] --END-- [ RunTime:0.000638s ]
ERR: 无法加载模块:Application

[ 2016-11-10T19:41:35+08:00 ] ::1 /estudy/code/Application/Home/View/Match/__PUBLIC__/css/public.css
INFO: [ app_init ] --START--
INFO: Run Behavior\BuildLiteBehavior [ RunTime:0.000044s ]
INFO: [ app_init ] --END-- [ RunTime:0.000629s ]
ERR: 无法加载模块:Application

[ 2016-11-10T19:41:35+08:00 ] ::1 /estudy/code/Application/Home/View/Match/__PUBLIC__/css/head.css
INFO: [ app_init ] --START--
INFO: Run Behavior\BuildLiteBehavior [ RunTime:0.000045s ]
INFO: [ app_init ] --END-- [ RunTime:0.001032s ]
ERR: 无法加载模块:Application

[ 2016-11-10T19:41:35+08:00 ] ::1 /estudy/code/Application/Home/View/Match/__PUBLIC__/__PUBLIC__/images/logo2.png
INFO: [ app_init ] --START--
INFO: Run Behavior\BuildLiteBehavior [ RunTime:0.000043s ]
INFO: [ app_init ] --END-- [ RunTime:0.000616s ]
ERR: 无法加载模块:Application

[ 2016-11-10T19:41:35+08:00 ] ::1 /estudy/code/Application/Home/View/Match/__PUBLIC__/images/gl2.png
INFO: [ app_init ] --START--
INFO: Run Behavior\BuildLiteBehavior [ RunTime:0.000051s ]
INFO: [ app_init ] --END-- [ RunTime:0.000659s ]
ERR: 无法加载模块:Application

[ 2016-11-10T19:41:35+08:00 ] ::1 /estudy/code/Application/Home/View/Match/__PUBLIC__/images/gw2.png
INFO: [ app_init ] --START--
INFO: Run Behavior\BuildLiteBehavior [ RunTime:0.000053s ]
INFO: [ app_init ] --END-- [ RunTime:0.000668s ]
ERR: 无法加载模块:Application

[ 2016-11-10T19:41:35+08:00 ] ::1 /estudy/code/Application/Home/View/Match/__PUBLIC__/images/jy2.png
INFO: [ app_init ] --START--
INFO: Run Behavior\BuildLiteBehavior [ RunTime:0.000052s ]
INFO: [ app_init ] --END-- [ RunTime:0.000711s ]
ERR: 无法加载模块:Application

[ 2016-11-10T19:41:35+08:00 ] ::1 /estudy/code/Application/Home/View/Match/__PUBLIC__/images/ewm.jpg
INFO: [ app_init ] --START--
INFO: Run Behavior\BuildLiteBehavior [ RunTime:0.000042s ]
INFO: [ app_init ] --END-- [ RunTime:0.000677s ]
ERR: 无法加载模块:Application

[ 2016-11-10T19:41:35+08:00 ] ::1 /estudy/code/Application/Home/View/Match/__PUBLIC__/images/time.gif
INFO: [ app_init ] --START--
INFO: Run Behavior\BuildLiteBehavior [ RunTime:0.000046s ]
INFO: [ app_init ] --END-- [ RunTime:0.000760s ]
ERR: 无法加载模块:Application

[ 2016-11-10T20:02:55+08:00 ] ::1 /estudy/code/Application/Home/View/Match/__PUBLIC__/css/public.css
INFO: [ app_init ] --START--
INFO: Run Behavior\BuildLiteBehavior [ RunTime:0.000023s ]
INFO: [ app_init ] --END-- [ RunTime:0.000398s ]
ERR: 无法加载模块:Application

[ 2016-11-10T20:05:52+08:00 ] ::1 /estudy/code/Application/Home/View/Match/__PUBLIC__/css/public.css
INFO: [ app_init ] --START--
INFO: Run Behavior\BuildLiteBehavior [ RunTime:0.000042s ]
INFO: [ app_init ] --END-- [ RunTime:0.000675s ]
ERR: 无法加载模块:Application

[ 2016-11-10T20:05:52+08:00 ] ::1 /estudy/code/Application/Home/View/Match/__PUBLIC__/css/head.css
INFO: [ app_init ] --START--
INFO: Run Behavior\BuildLiteBehavior [ RunTime:0.000042s ]
INFO: [ app_init ] --END-- [ RunTime:0.000718s ]
ERR: 无法加载模块:Application

[ 2016-11-10T20:05:52+08:00 ] ::1 /estudy/code/Application/Home/View/Match/__PUBLIC__/css/bidlist.css
INFO: [ app_init ] --START--
INFO: Run Behavior\BuildLiteBehavior [ RunTime:0.000026s ]
INFO: [ app_init ] --END-- [ RunTime:0.000466s ]
ERR: 无法加载模块:Application

[ 2016-11-10T20:05:52+08:00 ] ::1 /estudy/code/Application/Home/View/Match/__PUBLIC__/images/gl2.png
INFO: [ app_init ] --START--
INFO: Run Behavior\BuildLiteBehavior [ RunTime:0.000046s ]
INFO: [ app_init ] --END-- [ RunTime:0.000651s ]
ERR: 无法加载模块:Application

[ 2016-11-10T20:05:52+08:00 ] ::1 /estudy/code/Application/Home/View/Match/__PUBLIC__/images/time.gif
INFO: [ app_init ] --START--
INFO: Run Behavior\BuildLiteBehavior [ RunTime:0.000043s ]
INFO: [ app_init ] --END-- [ RunTime:0.000605s ]
ERR: 无法加载模块:Application

[ 2016-11-10T20:05:52+08:00 ] ::1 /estudy/code/Application/Home/View/Match/__PUBLIC__/images/gw2.png
INFO: [ app_init ] --START--
INFO: Run Behavior\BuildLiteBehavior [ RunTime:0.000041s ]
INFO: [ app_init ] --END-- [ RunTime:0.000839s ]
ERR: 无法加载模块:Application

[ 2016-11-10T20:05:52+08:00 ] ::1 /estudy/code/Application/Home/View/Match/__PUBLIC__/images/jy2.png
INFO: [ app_init ] --START--
INFO: Run Behavior\BuildLiteBehavior [ RunTime:0.000043s ]
INFO: [ app_init ] --END-- [ RunTime:0.000721s ]
ERR: 无法加载模块:Application

[ 2016-11-10T20:05:52+08:00 ] ::1 /estudy/code/Application/Home/View/Match/__PUBLIC__/images/logo2.png
INFO: [ app_init ] --START--
INFO: Run Behavior\BuildLiteBehavior [ RunTime:0.000066s ]
INFO: [ app_init ] --END-- [ RunTime:0.000785s ]
ERR: 无法加载模块:Application

[ 2016-11-10T20:05:52+08:00 ] ::1 /estudy/code/Application/Home/View/Match/__PUBLIC__/images/ewm.jpg
INFO: [ app_init ] --START--
INFO: Run Behavior\BuildLiteBehavior [ RunTime:0.000044s ]
INFO: [ app_init ] --END-- [ RunTime:0.000749s ]
ERR: 无法加载模块:Application

